<?xml version="1.0" encoding="UTF-8"?>
<!-- Generated by org.testng.reporters.JUnitReportReporter -->
<testsuite hostname="DESKTOP-6LJCPTQ" failures="0" tests="1" name="testCases.TC001_login" time="4.104" errors="0" timestamp="2021-10-17T11:40:44 EDT" skipped="0">
  <testcase classname="testCases.TC001_login" name="login" time="4.104"/>
  <system-out/>
</testsuite> <!-- testCases.TC001_login -->
